<?xml version="1.0" encoding="UTF-8"?>
<coverage generated="1702816548324" clover="3.2.0">
  <project timestamp="1702816548324" name="All files">
    <metrics statements="127" coveredstatements="120" conditionals="22" coveredconditionals="15" methods="112" coveredmethods="106" elements="261" coveredelements="241" complexity="0" loc="127" ncloc="127" packages="1" files="3" classes="3"/>
    <file name="Option.ts" path="C:\Users\lee\workspace\lee-js-option\src\Option.ts">
      <metrics statements="60" coveredstatements="55" conditionals="14" coveredconditionals="9" methods="52" coveredmethods="48"/>
      <line num="60" count="31" type="stmt"/>
      <line num="64" count="22" type="stmt"/>
      <line num="68" count="3" type="stmt"/>
      <line num="72" count="1" type="stmt"/>
      <line num="76" count="10" type="stmt"/>
      <line num="80" count="1" type="stmt"/>
      <line num="84" count="1" type="stmt"/>
      <line num="88" count="7" type="stmt"/>
      <line num="89" count="7" type="stmt"/>
      <line num="93" count="1" type="stmt"/>
      <line num="94" count="1" type="stmt"/>
      <line num="98" count="1" type="stmt"/>
      <line num="102" count="1" type="stmt"/>
      <line num="106" count="1" type="stmt"/>
      <line num="110" count="1" type="stmt"/>
      <line num="114" count="1" type="stmt"/>
      <line num="118" count="2" type="stmt"/>
      <line num="122" count="2" type="stmt"/>
      <line num="126" count="2" type="cond" truecount="2" falsecount="0"/>
      <line num="127" count="1" type="stmt"/>
      <line num="129" count="1" type="stmt"/>
      <line num="133" count="2" type="stmt"/>
      <line num="137" count="2" type="stmt"/>
      <line num="141" count="2" type="cond" truecount="2" falsecount="0"/>
      <line num="145" count="1" type="stmt"/>
      <line num="149" count="1" type="stmt"/>
      <line num="153" count="1" type="stmt"/>
      <line num="157" count="0" type="cond" truecount="0" falsecount="2"/>
      <line num="161" count="0" type="cond" truecount="0" falsecount="2"/>
      <line num="165" count="2" type="cond" truecount="2" falsecount="0"/>
      <line num="166" count="1" type="cond" truecount="1" falsecount="1"/>
      <line num="168" count="0" type="stmt"/>
      <line num="174" count="16" type="stmt"/>
      <line num="178" count="5" type="stmt"/>
      <line num="182" count="1" type="stmt"/>
      <line num="186" count="1" type="stmt"/>
      <line num="190" count="1" type="stmt"/>
      <line num="194" count="1" type="stmt"/>
      <line num="198" count="1" type="stmt"/>
      <line num="199" count="1" type="stmt"/>
      <line num="203" count="1" type="stmt"/>
      <line num="207" count="1" type="stmt"/>
      <line num="211" count="1" type="stmt"/>
      <line num="215" count="1" type="stmt"/>
      <line num="219" count="1" type="stmt"/>
      <line num="223" count="1" type="stmt"/>
      <line num="227" count="2" type="stmt"/>
      <line num="231" count="2" type="stmt"/>
      <line num="235" count="1" type="stmt"/>
      <line num="239" count="2" type="stmt"/>
      <line num="243" count="2" type="stmt"/>
      <line num="247" count="2" type="cond" truecount="2" falsecount="0"/>
      <line num="251" count="1" type="stmt"/>
      <line num="255" count="1" type="stmt"/>
      <line num="259" count="1" type="stmt"/>
      <line num="263" count="0" type="stmt"/>
      <line num="267" count="0" type="stmt"/>
      <line num="271" count="1" type="stmt"/>
      <line num="275" count="31" type="stmt"/>
      <line num="277" count="2" type="stmt"/>
    </file>
    <file name="Result.ts" path="C:\Users\lee\workspace\lee-js-option\src\Result.ts">
      <metrics statements="64" coveredstatements="62" conditionals="4" coveredconditionals="3" methods="58" coveredmethods="56"/>
      <line num="62" count="26" type="stmt"/>
      <line num="66" count="2" type="stmt"/>
      <line num="70" count="1" type="stmt"/>
      <line num="74" count="2" type="stmt"/>
      <line num="78" count="1" type="stmt"/>
      <line num="82" count="1" type="stmt"/>
      <line num="86" count="1" type="stmt"/>
      <line num="90" count="2" type="stmt"/>
      <line num="94" count="1" type="stmt"/>
      <line num="98" count="1" type="stmt"/>
      <line num="102" count="1" type="stmt"/>
      <line num="106" count="1" type="stmt"/>
      <line num="107" count="1" type="stmt"/>
      <line num="111" count="1" type="stmt"/>
      <line num="115" count="1" type="stmt"/>
      <line num="119" count="1" type="stmt"/>
      <line num="123" count="6" type="stmt"/>
      <line num="127" count="1" type="stmt"/>
      <line num="131" count="1" type="stmt"/>
      <line num="135" count="1" type="stmt"/>
      <line num="139" count="1" type="stmt"/>
      <line num="140" count="1" type="stmt"/>
      <line num="144" count="1" type="stmt"/>
      <line num="145" count="1" type="stmt"/>
      <line num="149" count="1" type="stmt"/>
      <line num="153" count="1" type="stmt"/>
      <line num="158" count="1" type="stmt"/>
      <line num="162" count="1" type="stmt"/>
      <line num="166" count="1" type="stmt"/>
      <line num="170" count="2" type="cond" truecount="2" falsecount="0"/>
      <line num="171" count="1" type="cond" truecount="1" falsecount="1"/>
      <line num="172" count="0" type="stmt"/>
      <line num="180" count="19" type="stmt"/>
      <line num="184" count="2" type="stmt"/>
      <line num="188" count="1" type="stmt"/>
      <line num="192" count="2" type="stmt"/>
      <line num="196" count="1" type="stmt"/>
      <line num="200" count="1" type="stmt"/>
      <line num="204" count="1" type="stmt"/>
      <line num="208" count="1" type="stmt"/>
      <line num="212" count="1" type="stmt"/>
      <line num="216" count="1" type="stmt"/>
      <line num="220" count="1" type="stmt"/>
      <line num="224" count="1" type="stmt"/>
      <line num="228" count="1" type="stmt"/>
      <line num="229" count="1" type="stmt"/>
      <line num="233" count="1" type="stmt"/>
      <line num="237" count="1" type="stmt"/>
      <line num="241" count="1" type="stmt"/>
      <line num="245" count="1" type="stmt"/>
      <line num="249" count="1" type="stmt"/>
      <line num="253" count="6" type="stmt"/>
      <line num="257" count="1" type="stmt"/>
      <line num="258" count="1" type="stmt"/>
      <line num="262" count="1" type="stmt"/>
      <line num="263" count="1" type="stmt"/>
      <line num="267" count="1" type="stmt"/>
      <line num="271" count="1" type="stmt"/>
      <line num="275" count="1" type="stmt"/>
      <line num="279" count="1" type="stmt"/>
      <line num="283" count="0" type="stmt"/>
      <line num="287" count="1" type="stmt"/>
      <line num="291" count="26" type="stmt"/>
      <line num="293" count="19" type="stmt"/>
    </file>
    <file name="error.ts" path="C:\Users\lee\workspace\lee-js-option\src\error.ts">
      <metrics statements="3" coveredstatements="3" conditionals="4" coveredconditionals="3" methods="2" coveredmethods="2"/>
      <line num="2" count="6" type="cond" truecount="2" falsecount="0"/>
      <line num="3" count="6" type="stmt"/>
      <line num="7" count="3" type="stmt"/>
    </file>
  </project>
</coverage>
