{"C:\\Users\\lee\\workspace\\lee-js-option\\src\\Option.ts": {"path":"C:\\Users\\lee\\workspace\\lee-js-option\\src\\Option.ts","statementMap":{"0":{"start":{"line":60,"column":4},"end":{"line":60,"column":23}},"1":{"start":{"line":64,"column":4},"end":{"line":64,"column":16}},"2":{"start":{"line":68,"column":4},"end":{"line":68,"column":17}},"3":{"start":{"line":72,"column":4},"end":{"line":72,"column":22}},"4":{"start":{"line":76,"column":4},"end":{"line":76,"column":22}},"5":{"start":{"line":80,"column":4},"end":{"line":80,"column":22}},"6":{"start":{"line":84,"column":4},"end":{"line":84,"column":22}},"7":{"start":{"line":88,"column":4},"end":{"line":88,"column":34}},"8":{"start":{"line":89,"column":4},"end":{"line":89,"column":22}},"9":{"start":{"line":93,"column":4},"end":{"line":93,"column":19}},"10":{"start":{"line":94,"column":4},"end":{"line":94,"column":16}},"11":{"start":{"line":98,"column":4},"end":{"line":98,"column":32}},"12":{"start":{"line":102,"column":4},"end":{"line":102,"column":26}},"13":{"start":{"line":106,"column":4},"end":{"line":106,"column":26}},"14":{"start":{"line":110,"column":4},"end":{"line":110,"column":26}},"15":{"start":{"line":114,"column":4},"end":{"line":114,"column":26}},"16":{"start":{"line":118,"column":4},"end":{"line":118,"column":16}},"17":{"start":{"line":122,"column":4},"end":{"line":122,"column":26}},"18":{"start":{"line":126,"column":4},"end":{"line":128,"column":5}},"19":{"start":{"line":127,"column":6},"end":{"line":127,"column":18}},"20":{"start":{"line":129,"column":4},"end":{"line":129,"column":16}},"21":{"start":{"line":133,"column":4},"end":{"line":133,"column":16}},"22":{"start":{"line":137,"column":4},"end":{"line":137,"column":16}},"23":{"start":{"line":141,"column":4},"end":{"line":141,"column":39}},"24":{"start":{"line":145,"column":4},"end":{"line":145,"column":41}},"25":{"start":{"line":149,"column":4},"end":{"line":149,"column":34}},"26":{"start":{"line":153,"column":4},"end":{"line":153,"column":34}},"27":{"start":{"line":157,"column":4},"end":{"line":157,"column":70}},"28":{"start":{"line":161,"column":4},"end":{"line":161,"column":71}},"29":{"start":{"line":165,"column":4},"end":{"line":165,"column":71}},"30":{"start":{"line":165,"column":40},"end":{"line":165,"column":71}},"31":{"start":{"line":166,"column":4},"end":{"line":166,"column":76}},"32":{"start":{"line":166,"column":41},"end":{"line":166,"column":76}},"33":{"start":{"line":168,"column":4},"end":{"line":168,"column":30}},"34":{"start":{"line":174,"column":4},"end":{"line":174,"column":17}},"35":{"start":{"line":178,"column":4},"end":{"line":178,"column":16}},"36":{"start":{"line":182,"column":4},"end":{"line":182,"column":22}},"37":{"start":{"line":186,"column":4},"end":{"line":186,"column":73}},"38":{"start":{"line":190,"column":4},"end":{"line":190,"column":17}},"39":{"start":{"line":194,"column":4},"end":{"line":194,"column":24}},"40":{"start":{"line":198,"column":4},"end":{"line":198,"column":34}},"41":{"start":{"line":199,"column":4},"end":{"line":199,"column":30}},"42":{"start":{"line":203,"column":4},"end":{"line":203,"column":16}},"43":{"start":{"line":207,"column":4},"end":{"line":207,"column":16}},"44":{"start":{"line":211,"column":4},"end":{"line":211,"column":17}},"45":{"start":{"line":215,"column":4},"end":{"line":215,"column":16}},"46":{"start":{"line":219,"column":4},"end":{"line":219,"column":20}},"47":{"start":{"line":223,"column":4},"end":{"line":223,"column":22}},"48":{"start":{"line":227,"column":4},"end":{"line":227,"column":16}},"49":{"start":{"line":231,"column":4},"end":{"line":231,"column":16}},"50":{"start":{"line":235,"column":4},"end":{"line":235,"column":16}},"51":{"start":{"line":239,"column":4},"end":{"line":239,"column":16}},"52":{"start":{"line":243,"column":4},"end":{"line":243,"column":16}},"53":{"start":{"line":247,"column":4},"end":{"line":247,"column":39}},"54":{"start":{"line":251,"column":4},"end":{"line":251,"column":41}},"55":{"start":{"line":255,"column":4},"end":{"line":255,"column":41}},"56":{"start":{"line":259,"column":4},"end":{"line":259,"column":39}},"57":{"start":{"line":263,"column":4},"end":{"line":263,"column":16}},"58":{"start":{"line":267,"column":4},"end":{"line":267,"column":16}},"59":{"start":{"line":271,"column":4},"end":{"line":271,"column":20}},"60":{"start":{"line":275,"column":20},"end":{"line":275,"column":69}},"61":{"start":{"line":275,"column":48},"end":{"line":275,"column":69}},"62":{"start":{"line":277,"column":20},"end":{"line":277,"column":36}}},"fnMap":{"0":{"name":"(anonymous_0)","decl":{"start":{"line":59,"column":2},"end":{"line":59,"column":3}},"loc":{"start":{"line":59,"column":24},"end":{"line":61,"column":3}},"line":59},"1":{"name":"(anonymous_1)","decl":{"start":{"line":63,"column":2},"end":{"line":63,"column":3}},"loc":{"start":{"line":63,"column":20},"end":{"line":65,"column":3}},"line":63},"2":{"name":"(anonymous_2)","decl":{"start":{"line":67,"column":2},"end":{"line":67,"column":3}},"loc":{"start":{"line":67,"column":20},"end":{"line":69,"column":3}},"line":67},"3":{"name":"(anonymous_3)","decl":{"start":{"line":71,"column":2},"end":{"line":71,"column":3}},"loc":{"start":{"line":71,"column":25},"end":{"line":73,"column":3}},"line":71},"4":{"name":"(anonymous_4)","decl":{"start":{"line":75,"column":2},"end":{"line":75,"column":3}},"loc":{"start":{"line":75,"column":14},"end":{"line":77,"column":3}},"line":75},"5":{"name":"(anonymous_5)","decl":{"start":{"line":79,"column":2},"end":{"line":79,"column":3}},"loc":{"start":{"line":79,"column":24},"end":{"line":81,"column":3}},"line":79},"6":{"name":"(anonymous_6)","decl":{"start":{"line":83,"column":2},"end":{"line":83,"column":3}},"loc":{"start":{"line":83,"column":39},"end":{"line":85,"column":3}},"line":83},"7":{"name":"(anonymous_7)","decl":{"start":{"line":87,"column":2},"end":{"line":87,"column":3}},"loc":{"start":{"line":87,"column":23},"end":{"line":90,"column":3}},"line":87},"8":{"name":"(anonymous_8)","decl":{"start":{"line":92,"column":2},"end":{"line":92,"column":3}},"loc":{"start":{"line":92,"column":40},"end":{"line":95,"column":3}},"line":92},"9":{"name":"(anonymous_9)","decl":{"start":{"line":97,"column":2},"end":{"line":97,"column":3}},"loc":{"start":{"line":97,"column":41},"end":{"line":99,"column":3}},"line":97},"10":{"name":"(anonymous_10)","decl":{"start":{"line":101,"column":2},"end":{"line":101,"column":3}},"loc":{"start":{"line":101,"column":49},"end":{"line":103,"column":3}},"line":101},"11":{"name":"(anonymous_11)","decl":{"start":{"line":105,"column":2},"end":{"line":105,"column":3}},"loc":{"start":{"line":105,"column":52},"end":{"line":107,"column":3}},"line":105},"12":{"name":"(anonymous_12)","decl":{"start":{"line":109,"column":2},"end":{"line":109,"column":3}},"loc":{"start":{"line":109,"column":32},"end":{"line":111,"column":3}},"line":109},"13":{"name":"(anonymous_13)","decl":{"start":{"line":113,"column":2},"end":{"line":113,"column":3}},"loc":{"start":{"line":113,"column":42},"end":{"line":115,"column":3}},"line":113},"14":{"name":"(anonymous_14)","decl":{"start":{"line":117,"column":2},"end":{"line":117,"column":3}},"loc":{"start":{"line":117,"column":37},"end":{"line":119,"column":3}},"line":117},"15":{"name":"(anonymous_15)","decl":{"start":{"line":121,"column":2},"end":{"line":121,"column":3}},"loc":{"start":{"line":121,"column":53},"end":{"line":123,"column":3}},"line":121},"16":{"name":"(anonymous_16)","decl":{"start":{"line":125,"column":2},"end":{"line":125,"column":3}},"loc":{"start":{"line":125,"column":54},"end":{"line":130,"column":3}},"line":125},"17":{"name":"(anonymous_17)","decl":{"start":{"line":132,"column":2},"end":{"line":132,"column":3}},"loc":{"start":{"line":132,"column":33},"end":{"line":134,"column":3}},"line":132},"18":{"name":"(anonymous_18)","decl":{"start":{"line":136,"column":2},"end":{"line":136,"column":3}},"loc":{"start":{"line":136,"column":41},"end":{"line":138,"column":3}},"line":136},"19":{"name":"(anonymous_19)","decl":{"start":{"line":140,"column":2},"end":{"line":140,"column":3}},"loc":{"start":{"line":140,"column":34},"end":{"line":142,"column":3}},"line":140},"20":{"name":"(anonymous_20)","decl":{"start":{"line":144,"column":2},"end":{"line":144,"column":3}},"loc":{"start":{"line":144,"column":22},"end":{"line":146,"column":3}},"line":144},"21":{"name":"(anonymous_21)","decl":{"start":{"line":148,"column":2},"end":{"line":148,"column":3}},"loc":{"start":{"line":148,"column":27},"end":{"line":150,"column":3}},"line":148},"22":{"name":"(anonymous_22)","decl":{"start":{"line":152,"column":2},"end":{"line":152,"column":3}},"loc":{"start":{"line":152,"column":33},"end":{"line":154,"column":3}},"line":152},"23":{"name":"(anonymous_23)","decl":{"start":{"line":156,"column":2},"end":{"line":156,"column":3}},"loc":{"start":{"line":156,"column":43},"end":{"line":158,"column":3}},"line":156},"24":{"name":"(anonymous_24)","decl":{"start":{"line":160,"column":2},"end":{"line":160,"column":3}},"loc":{"start":{"line":160,"column":67},"end":{"line":162,"column":3}},"line":160},"25":{"name":"(anonymous_25)","decl":{"start":{"line":164,"column":2},"end":{"line":164,"column":3}},"loc":{"start":{"line":164,"column":39},"end":{"line":169,"column":3}},"line":164},"26":{"name":"(anonymous_26)","decl":{"start":{"line":173,"column":2},"end":{"line":173,"column":3}},"loc":{"start":{"line":173,"column":20},"end":{"line":175,"column":3}},"line":173},"27":{"name":"(anonymous_27)","decl":{"start":{"line":177,"column":2},"end":{"line":177,"column":3}},"loc":{"start":{"line":177,"column":20},"end":{"line":179,"column":3}},"line":177},"28":{"name":"(anonymous_28)","decl":{"start":{"line":181,"column":2},"end":{"line":181,"column":3}},"loc":{"start":{"line":181,"column":25},"end":{"line":183,"column":3}},"line":181},"29":{"name":"(anonymous_29)","decl":{"start":{"line":185,"column":2},"end":{"line":185,"column":3}},"loc":{"start":{"line":185,"column":14},"end":{"line":187,"column":3}},"line":185},"30":{"name":"(anonymous_30)","decl":{"start":{"line":189,"column":2},"end":{"line":189,"column":3}},"loc":{"start":{"line":189,"column":24},"end":{"line":191,"column":3}},"line":189},"31":{"name":"(anonymous_31)","decl":{"start":{"line":193,"column":2},"end":{"line":193,"column":3}},"loc":{"start":{"line":193,"column":39},"end":{"line":195,"column":3}},"line":193},"32":{"name":"(anonymous_32)","decl":{"start":{"line":197,"column":2},"end":{"line":197,"column":3}},"loc":{"start":{"line":197,"column":23},"end":{"line":200,"column":3}},"line":197},"33":{"name":"(anonymous_33)","decl":{"start":{"line":202,"column":2},"end":{"line":202,"column":3}},"loc":{"start":{"line":202,"column":40},"end":{"line":204,"column":3}},"line":202},"34":{"name":"(anonymous_34)","decl":{"start":{"line":206,"column":2},"end":{"line":206,"column":3}},"loc":{"start":{"line":206,"column":49},"end":{"line":208,"column":3}},"line":206},"35":{"name":"(anonymous_35)","decl":{"start":{"line":210,"column":2},"end":{"line":210,"column":3}},"loc":{"start":{"line":210,"column":44},"end":{"line":212,"column":3}},"line":210},"36":{"name":"(anonymous_36)","decl":{"start":{"line":214,"column":2},"end":{"line":214,"column":3}},"loc":{"start":{"line":214,"column":60},"end":{"line":216,"column":3}},"line":214},"37":{"name":"(anonymous_37)","decl":{"start":{"line":218,"column":2},"end":{"line":218,"column":3}},"loc":{"start":{"line":218,"column":32},"end":{"line":220,"column":3}},"line":218},"38":{"name":"(anonymous_38)","decl":{"start":{"line":222,"column":2},"end":{"line":222,"column":3}},"loc":{"start":{"line":222,"column":42},"end":{"line":224,"column":3}},"line":222},"39":{"name":"(anonymous_39)","decl":{"start":{"line":226,"column":2},"end":{"line":226,"column":3}},"loc":{"start":{"line":226,"column":37},"end":{"line":228,"column":3}},"line":226},"40":{"name":"(anonymous_40)","decl":{"start":{"line":230,"column":2},"end":{"line":230,"column":3}},"loc":{"start":{"line":230,"column":53},"end":{"line":232,"column":3}},"line":230},"41":{"name":"(anonymous_41)","decl":{"start":{"line":234,"column":2},"end":{"line":234,"column":3}},"loc":{"start":{"line":234,"column":54},"end":{"line":236,"column":3}},"line":234},"42":{"name":"(anonymous_42)","decl":{"start":{"line":238,"column":2},"end":{"line":238,"column":3}},"loc":{"start":{"line":238,"column":33},"end":{"line":240,"column":3}},"line":238},"43":{"name":"(anonymous_43)","decl":{"start":{"line":242,"column":2},"end":{"line":242,"column":3}},"loc":{"start":{"line":242,"column":41},"end":{"line":244,"column":3}},"line":242},"44":{"name":"(anonymous_44)","decl":{"start":{"line":246,"column":2},"end":{"line":246,"column":3}},"loc":{"start":{"line":246,"column":34},"end":{"line":248,"column":3}},"line":246},"45":{"name":"(anonymous_45)","decl":{"start":{"line":250,"column":2},"end":{"line":250,"column":3}},"loc":{"start":{"line":250,"column":22},"end":{"line":252,"column":3}},"line":250},"46":{"name":"(anonymous_46)","decl":{"start":{"line":254,"column":2},"end":{"line":254,"column":3}},"loc":{"start":{"line":254,"column":27},"end":{"line":256,"column":3}},"line":254},"47":{"name":"(anonymous_47)","decl":{"start":{"line":258,"column":2},"end":{"line":258,"column":3}},"loc":{"start":{"line":258,"column":33},"end":{"line":260,"column":3}},"line":258},"48":{"name":"(anonymous_48)","decl":{"start":{"line":262,"column":2},"end":{"line":262,"column":3}},"loc":{"start":{"line":262,"column":43},"end":{"line":264,"column":3}},"line":262},"49":{"name":"(anonymous_49)","decl":{"start":{"line":266,"column":2},"end":{"line":266,"column":3}},"loc":{"start":{"line":266,"column":67},"end":{"line":268,"column":3}},"line":266},"50":{"name":"(anonymous_50)","decl":{"start":{"line":270,"column":2},"end":{"line":270,"column":3}},"loc":{"start":{"line":270,"column":39},"end":{"line":272,"column":3}},"line":270},"51":{"name":"(anonymous_51)","decl":{"start":{"line":275,"column":20},"end":{"line":275,"column":21}},"loc":{"start":{"line":275,"column":48},"end":{"line":275,"column":69}},"line":275}},"branchMap":{"0":{"loc":{"start":{"line":126,"column":4},"end":{"line":128,"column":5}},"type":"if","locations":[{"start":{"line":126,"column":4},"end":{"line":128,"column":5}},{"start":{},"end":{}}],"line":126},"1":{"loc":{"start":{"line":141,"column":11},"end":{"line":141,"column":38}},"type":"cond-expr","locations":[{"start":{"line":141,"column":27},"end":{"line":141,"column":31}},{"start":{"line":141,"column":34},"end":{"line":141,"column":38}}],"line":141},"2":{"loc":{"start":{"line":157,"column":11},"end":{"line":157,"column":69}},"type":"cond-expr","locations":[{"start":{"line":157,"column":28},"end":{"line":157,"column":62}},{"start":{"line":157,"column":65},"end":{"line":157,"column":69}}],"line":157},"3":{"loc":{"start":{"line":161,"column":11},"end":{"line":161,"column":70}},"type":"cond-expr","locations":[{"start":{"line":161,"column":28},"end":{"line":161,"column":63}},{"start":{"line":161,"column":66},"end":{"line":161,"column":70}}],"line":161},"4":{"loc":{"start":{"line":165,"column":4},"end":{"line":165,"column":71}},"type":"if","locations":[{"start":{"line":165,"column":4},"end":{"line":165,"column":71}},{"start":{},"end":{}}],"line":165},"5":{"loc":{"start":{"line":166,"column":4},"end":{"line":166,"column":76}},"type":"if","locations":[{"start":{"line":166,"column":4},"end":{"line":166,"column":76}},{"start":{},"end":{}}],"line":166},"6":{"loc":{"start":{"line":247,"column":11},"end":{"line":247,"column":38}},"type":"cond-expr","locations":[{"start":{"line":247,"column":27},"end":{"line":247,"column":31}},{"start":{"line":247,"column":34},"end":{"line":247,"column":38}}],"line":247}},"s":{"0":31,"1":22,"2":3,"3":1,"4":10,"5":1,"6":1,"7":7,"8":7,"9":1,"10":1,"11":1,"12":1,"13":1,"14":1,"15":1,"16":2,"17":2,"18":2,"19":1,"20":1,"21":2,"22":2,"23":2,"24":1,"25":1,"26":1,"27":0,"28":0,"29":2,"30":1,"31":1,"32":1,"33":0,"34":16,"35":5,"36":1,"37":1,"38":1,"39":1,"40":1,"41":1,"42":1,"43":1,"44":1,"45":1,"46":1,"47":1,"48":2,"49":2,"50":1,"51":2,"52":2,"53":2,"54":1,"55":1,"56":1,"57":0,"58":0,"59":1,"60":2,"61":31,"62":2},"f":{"0":31,"1":22,"2":3,"3":1,"4":10,"5":1,"6":1,"7":7,"8":1,"9":1,"10":1,"11":1,"12":1,"13":1,"14":2,"15":2,"16":2,"17":2,"18":2,"19":2,"20":1,"21":1,"22":1,"23":0,"24":0,"25":2,"26":16,"27":5,"28":1,"29":1,"30":1,"31":1,"32":1,"33":1,"34":1,"35":1,"36":1,"37":1,"38":1,"39":2,"40":2,"41":1,"42":2,"43":2,"44":2,"45":1,"46":1,"47":1,"48":0,"49":0,"50":1,"51":31},"b":{"0":[1,1],"1":[1,1],"2":[0,0],"3":[0,0],"4":[1,1],"5":[1,0],"6":[1,1]},"_coverageSchema":"1a1c01bbd47fc00a2c39e90264f33305004495a9","hash":"b8934c32c8192c325d56126d9b81a20853846c6b"}
,"C:\\Users\\lee\\workspace\\lee-js-option\\src\\Result.ts": {"path":"C:\\Users\\lee\\workspace\\lee-js-option\\src\\Result.ts","statementMap":{"0":{"start":{"line":62,"column":4},"end":{"line":62,"column":23}},"1":{"start":{"line":66,"column":4},"end":{"line":66,"column":16}},"2":{"start":{"line":70,"column":4},"end":{"line":70,"column":25}},"3":{"start":{"line":74,"column":4},"end":{"line":74,"column":17}},"4":{"start":{"line":78,"column":4},"end":{"line":78,"column":17}},"5":{"start":{"line":82,"column":4},"end":{"line":82,"column":28}},"6":{"start":{"line":86,"column":4},"end":{"line":86,"column":16}},"7":{"start":{"line":90,"column":4},"end":{"line":90,"column":30}},"8":{"start":{"line":94,"column":4},"end":{"line":94,"column":26}},"9":{"start":{"line":98,"column":4},"end":{"line":98,"column":26}},"10":{"start":{"line":102,"column":4},"end":{"line":102,"column":26}},"11":{"start":{"line":106,"column":4},"end":{"line":106,"column":18}},"12":{"start":{"line":107,"column":4},"end":{"line":107,"column":16}},"13":{"start":{"line":111,"column":4},"end":{"line":111,"column":16}},"14":{"start":{"line":115,"column":4},"end":{"line":115,"column":22}},"15":{"start":{"line":119,"column":4},"end":{"line":119,"column":34}},"16":{"start":{"line":123,"column":4},"end":{"line":123,"column":22}},"17":{"start":{"line":127,"column":4},"end":{"line":127,"column":22}},"18":{"start":{"line":131,"column":4},"end":{"line":131,"column":22}},"19":{"start":{"line":135,"column":4},"end":{"line":135,"column":87}},"20":{"start":{"line":139,"column":4},"end":{"line":139,"column":32}},"21":{"start":{"line":140,"column":4},"end":{"line":140,"column":22}},"22":{"start":{"line":144,"column":4},"end":{"line":144,"column":33}},"23":{"start":{"line":145,"column":4},"end":{"line":145,"column":30}},"24":{"start":{"line":149,"column":4},"end":{"line":149,"column":15}},"25":{"start":{"line":153,"column":4},"end":{"line":153,"column":26}},"26":{"start":{"line":158,"column":4},"end":{"line":158,"column":16}},"27":{"start":{"line":162,"column":4},"end":{"line":162,"column":26}},"28":{"start":{"line":166,"column":4},"end":{"line":166,"column":28}},"29":{"start":{"line":166,"column":25},"end":{"line":166,"column":26}},"30":{"start":{"line":170,"column":4},"end":{"line":170,"column":79}},"31":{"start":{"line":170,"column":42},"end":{"line":170,"column":79}},"32":{"start":{"line":171,"column":4},"end":{"line":171,"column":54}},"33":{"start":{"line":171,"column":42},"end":{"line":171,"column":54}},"34":{"start":{"line":172,"column":4},"end":{"line":172,"column":30}},"35":{"start":{"line":180,"column":4},"end":{"line":180,"column":23}},"36":{"start":{"line":184,"column":4},"end":{"line":184,"column":17}},"37":{"start":{"line":188,"column":4},"end":{"line":188,"column":17}},"38":{"start":{"line":192,"column":4},"end":{"line":192,"column":16}},"39":{"start":{"line":196,"column":4},"end":{"line":196,"column":25}},"40":{"start":{"line":200,"column":4},"end":{"line":200,"column":16}},"41":{"start":{"line":204,"column":4},"end":{"line":204,"column":28}},"42":{"start":{"line":208,"column":4},"end":{"line":208,"column":27}},"43":{"start":{"line":212,"column":4},"end":{"line":212,"column":17}},"44":{"start":{"line":216,"column":4},"end":{"line":216,"column":26}},"45":{"start":{"line":220,"column":4},"end":{"line":220,"column":31}},"46":{"start":{"line":224,"column":4},"end":{"line":224,"column":16}},"47":{"start":{"line":228,"column":4},"end":{"line":228,"column":18}},"48":{"start":{"line":229,"column":4},"end":{"line":229,"column":16}},"49":{"start":{"line":233,"column":4},"end":{"line":233,"column":34}},"50":{"start":{"line":237,"column":4},"end":{"line":237,"column":22}},"51":{"start":{"line":241,"column":4},"end":{"line":241,"column":88}},"52":{"start":{"line":245,"column":4},"end":{"line":245,"column":15}},"53":{"start":{"line":249,"column":4},"end":{"line":249,"column":26}},"54":{"start":{"line":253,"column":4},"end":{"line":253,"column":22}},"55":{"start":{"line":257,"column":4},"end":{"line":257,"column":32}},"56":{"start":{"line":258,"column":4},"end":{"line":258,"column":30}},"57":{"start":{"line":262,"column":4},"end":{"line":262,"column":33}},"58":{"start":{"line":263,"column":4},"end":{"line":263,"column":22}},"59":{"start":{"line":267,"column":4},"end":{"line":267,"column":16}},"60":{"start":{"line":271,"column":4},"end":{"line":271,"column":16}},"61":{"start":{"line":275,"column":4},"end":{"line":275,"column":15}},"62":{"start":{"line":279,"column":4},"end":{"line":279,"column":26}},"63":{"start":{"line":283,"column":4},"end":{"line":283,"column":28}},"64":{"start":{"line":283,"column":25},"end":{"line":283,"column":26}},"65":{"start":{"line":287,"column":4},"end":{"line":287,"column":33}},"66":{"start":{"line":291,"column":18},"end":{"line":291,"column":70}},"67":{"start":{"line":291,"column":51},"end":{"line":291,"column":70}},"68":{"start":{"line":293,"column":19},"end":{"line":293,"column":72}},"69":{"start":{"line":293,"column":52},"end":{"line":293,"column":72}}},"fnMap":{"0":{"name":"(anonymous_0)","decl":{"start":{"line":61,"column":2},"end":{"line":61,"column":3}},"loc":{"start":{"line":61,"column":24},"end":{"line":63,"column":3}},"line":61},"1":{"name":"(anonymous_1)","decl":{"start":{"line":65,"column":2},"end":{"line":65,"column":3}},"loc":{"start":{"line":65,"column":18},"end":{"line":67,"column":3}},"line":65},"2":{"name":"(anonymous_2)","decl":{"start":{"line":69,"column":2},"end":{"line":69,"column":3}},"loc":{"start":{"line":69,"column":43},"end":{"line":71,"column":3}},"line":69},"3":{"name":"(anonymous_3)","decl":{"start":{"line":73,"column":2},"end":{"line":73,"column":3}},"loc":{"start":{"line":73,"column":19},"end":{"line":75,"column":3}},"line":73},"4":{"name":"(anonymous_4)","decl":{"start":{"line":77,"column":2},"end":{"line":77,"column":3}},"loc":{"start":{"line":77,"column":44},"end":{"line":79,"column":3}},"line":77},"5":{"name":"(anonymous_5)","decl":{"start":{"line":81,"column":2},"end":{"line":81,"column":3}},"loc":{"start":{"line":81,"column":18},"end":{"line":83,"column":3}},"line":81},"6":{"name":"(anonymous_6)","decl":{"start":{"line":85,"column":2},"end":{"line":85,"column":3}},"loc":{"start":{"line":85,"column":19},"end":{"line":87,"column":3}},"line":85},"7":{"name":"(anonymous_7)","decl":{"start":{"line":89,"column":2},"end":{"line":89,"column":3}},"loc":{"start":{"line":89,"column":42},"end":{"line":91,"column":3}},"line":89},"8":{"name":"(anonymous_8)","decl":{"start":{"line":93,"column":2},"end":{"line":93,"column":3}},"loc":{"start":{"line":93,"column":43},"end":{"line":95,"column":3}},"line":93},"9":{"name":"(anonymous_9)","decl":{"start":{"line":97,"column":2},"end":{"line":97,"column":3}},"loc":{"start":{"line":97,"column":56},"end":{"line":99,"column":3}},"line":97},"10":{"name":"(anonymous_10)","decl":{"start":{"line":101,"column":2},"end":{"line":101,"column":3}},"loc":{"start":{"line":101,"column":45},"end":{"line":103,"column":3}},"line":101},"11":{"name":"(anonymous_11)","decl":{"start":{"line":105,"column":2},"end":{"line":105,"column":3}},"loc":{"start":{"line":105,"column":37},"end":{"line":108,"column":3}},"line":105},"12":{"name":"(anonymous_12)","decl":{"start":{"line":110,"column":2},"end":{"line":110,"column":3}},"loc":{"start":{"line":110,"column":40},"end":{"line":112,"column":3}},"line":110},"13":{"name":"(anonymous_13)","decl":{"start":{"line":114,"column":2},"end":{"line":114,"column":3}},"loc":{"start":{"line":114,"column":25},"end":{"line":116,"column":3}},"line":114},"14":{"name":"(anonymous_14)","decl":{"start":{"line":118,"column":2},"end":{"line":118,"column":3}},"loc":{"start":{"line":118,"column":28},"end":{"line":120,"column":3}},"line":118},"15":{"name":"(anonymous_15)","decl":{"start":{"line":122,"column":2},"end":{"line":122,"column":3}},"loc":{"start":{"line":122,"column":14},"end":{"line":124,"column":3}},"line":122},"16":{"name":"(anonymous_16)","decl":{"start":{"line":126,"column":2},"end":{"line":126,"column":3}},"loc":{"start":{"line":126,"column":22},"end":{"line":128,"column":3}},"line":126},"17":{"name":"(anonymous_17)","decl":{"start":{"line":130,"column":2},"end":{"line":130,"column":3}},"loc":{"start":{"line":130,"column":35},"end":{"line":132,"column":3}},"line":130},"18":{"name":"(anonymous_18)","decl":{"start":{"line":134,"column":2},"end":{"line":134,"column":3}},"loc":{"start":{"line":134,"column":17},"end":{"line":136,"column":3}},"line":134},"19":{"name":"(anonymous_19)","decl":{"start":{"line":138,"column":2},"end":{"line":138,"column":3}},"loc":{"start":{"line":138,"column":23},"end":{"line":141,"column":3}},"line":138},"20":{"name":"(anonymous_20)","decl":{"start":{"line":143,"column":2},"end":{"line":143,"column":3}},"loc":{"start":{"line":143,"column":26},"end":{"line":146,"column":3}},"line":143},"21":{"name":"(anonymous_21)","decl":{"start":{"line":148,"column":2},"end":{"line":148,"column":3}},"loc":{"start":{"line":148,"column":42},"end":{"line":150,"column":3}},"line":148},"22":{"name":"(anonymous_22)","decl":{"start":{"line":152,"column":2},"end":{"line":152,"column":3}},"loc":{"start":{"line":152,"column":57},"end":{"line":154,"column":3}},"line":152},"23":{"name":"(anonymous_23)","decl":{"start":{"line":156,"column":2},"end":{"line":156,"column":3}},"loc":{"start":{"line":156,"column":43},"end":{"line":159,"column":3}},"line":156},"24":{"name":"(anonymous_24)","decl":{"start":{"line":161,"column":2},"end":{"line":161,"column":3}},"loc":{"start":{"line":161,"column":54},"end":{"line":163,"column":3}},"line":161},"25":{"name":"(anonymous_25)","decl":{"start":{"line":165,"column":2},"end":{"line":165,"column":3}},"loc":{"start":{"line":165,"column":25},"end":{"line":167,"column":3}},"line":165},"26":{"name":"(anonymous_26)","decl":{"start":{"line":166,"column":20},"end":{"line":166,"column":21}},"loc":{"start":{"line":166,"column":25},"end":{"line":166,"column":26}},"line":166},"27":{"name":"(anonymous_27)","decl":{"start":{"line":169,"column":2},"end":{"line":169,"column":3}},"loc":{"start":{"line":169,"column":36},"end":{"line":173,"column":3}},"line":169},"28":{"name":"(anonymous_28)","decl":{"start":{"line":179,"column":2},"end":{"line":179,"column":3}},"loc":{"start":{"line":179,"column":24},"end":{"line":181,"column":3}},"line":179},"29":{"name":"(anonymous_29)","decl":{"start":{"line":183,"column":2},"end":{"line":183,"column":3}},"loc":{"start":{"line":183,"column":18},"end":{"line":185,"column":3}},"line":183},"30":{"name":"(anonymous_30)","decl":{"start":{"line":187,"column":2},"end":{"line":187,"column":3}},"loc":{"start":{"line":187,"column":43},"end":{"line":189,"column":3}},"line":187},"31":{"name":"(anonymous_31)","decl":{"start":{"line":191,"column":2},"end":{"line":191,"column":3}},"loc":{"start":{"line":191,"column":19},"end":{"line":193,"column":3}},"line":191},"32":{"name":"(anonymous_32)","decl":{"start":{"line":195,"column":2},"end":{"line":195,"column":3}},"loc":{"start":{"line":195,"column":44},"end":{"line":197,"column":3}},"line":195},"33":{"name":"(anonymous_33)","decl":{"start":{"line":199,"column":2},"end":{"line":199,"column":3}},"loc":{"start":{"line":199,"column":18},"end":{"line":201,"column":3}},"line":199},"34":{"name":"(anonymous_34)","decl":{"start":{"line":203,"column":2},"end":{"line":203,"column":3}},"loc":{"start":{"line":203,"column":19},"end":{"line":205,"column":3}},"line":203},"35":{"name":"(anonymous_35)","decl":{"start":{"line":207,"column":2},"end":{"line":207,"column":3}},"loc":{"start":{"line":207,"column":42},"end":{"line":209,"column":3}},"line":207},"36":{"name":"(anonymous_36)","decl":{"start":{"line":211,"column":2},"end":{"line":211,"column":3}},"loc":{"start":{"line":211,"column":43},"end":{"line":213,"column":3}},"line":211},"37":{"name":"(anonymous_37)","decl":{"start":{"line":215,"column":2},"end":{"line":215,"column":3}},"loc":{"start":{"line":215,"column":56},"end":{"line":217,"column":3}},"line":215},"38":{"name":"(anonymous_38)","decl":{"start":{"line":219,"column":2},"end":{"line":219,"column":3}},"loc":{"start":{"line":219,"column":45},"end":{"line":221,"column":3}},"line":219},"39":{"name":"(anonymous_39)","decl":{"start":{"line":223,"column":2},"end":{"line":223,"column":3}},"loc":{"start":{"line":223,"column":37},"end":{"line":225,"column":3}},"line":223},"40":{"name":"(anonymous_40)","decl":{"start":{"line":227,"column":2},"end":{"line":227,"column":3}},"loc":{"start":{"line":227,"column":40},"end":{"line":230,"column":3}},"line":227},"41":{"name":"(anonymous_41)","decl":{"start":{"line":232,"column":2},"end":{"line":232,"column":3}},"loc":{"start":{"line":232,"column":25},"end":{"line":234,"column":3}},"line":232},"42":{"name":"(anonymous_42)","decl":{"start":{"line":236,"column":2},"end":{"line":236,"column":3}},"loc":{"start":{"line":236,"column":28},"end":{"line":238,"column":3}},"line":236},"43":{"name":"(anonymous_43)","decl":{"start":{"line":240,"column":2},"end":{"line":240,"column":3}},"loc":{"start":{"line":240,"column":14},"end":{"line":242,"column":3}},"line":240},"44":{"name":"(anonymous_44)","decl":{"start":{"line":244,"column":2},"end":{"line":244,"column":3}},"loc":{"start":{"line":244,"column":22},"end":{"line":246,"column":3}},"line":244},"45":{"name":"(anonymous_45)","decl":{"start":{"line":248,"column":2},"end":{"line":248,"column":3}},"loc":{"start":{"line":248,"column":35},"end":{"line":250,"column":3}},"line":248},"46":{"name":"(anonymous_46)","decl":{"start":{"line":252,"column":2},"end":{"line":252,"column":3}},"loc":{"start":{"line":252,"column":17},"end":{"line":254,"column":3}},"line":252},"47":{"name":"(anonymous_47)","decl":{"start":{"line":256,"column":2},"end":{"line":256,"column":3}},"loc":{"start":{"line":256,"column":23},"end":{"line":259,"column":3}},"line":256},"48":{"name":"(anonymous_48)","decl":{"start":{"line":261,"column":2},"end":{"line":261,"column":3}},"loc":{"start":{"line":261,"column":26},"end":{"line":264,"column":3}},"line":261},"49":{"name":"(anonymous_49)","decl":{"start":{"line":266,"column":2},"end":{"line":266,"column":3}},"loc":{"start":{"line":266,"column":41},"end":{"line":268,"column":3}},"line":266},"50":{"name":"(anonymous_50)","decl":{"start":{"line":270,"column":2},"end":{"line":270,"column":3}},"loc":{"start":{"line":270,"column":58},"end":{"line":272,"column":3}},"line":270},"51":{"name":"(anonymous_51)","decl":{"start":{"line":274,"column":2},"end":{"line":274,"column":3}},"loc":{"start":{"line":274,"column":41},"end":{"line":276,"column":3}},"line":274},"52":{"name":"(anonymous_52)","decl":{"start":{"line":278,"column":2},"end":{"line":278,"column":3}},"loc":{"start":{"line":278,"column":54},"end":{"line":280,"column":3}},"line":278},"53":{"name":"(anonymous_53)","decl":{"start":{"line":282,"column":2},"end":{"line":282,"column":3}},"loc":{"start":{"line":282,"column":25},"end":{"line":284,"column":3}},"line":282},"54":{"name":"(anonymous_54)","decl":{"start":{"line":283,"column":20},"end":{"line":283,"column":21}},"loc":{"start":{"line":283,"column":25},"end":{"line":283,"column":26}},"line":283},"55":{"name":"(anonymous_55)","decl":{"start":{"line":286,"column":2},"end":{"line":286,"column":3}},"loc":{"start":{"line":286,"column":36},"end":{"line":288,"column":3}},"line":286},"56":{"name":"(anonymous_56)","decl":{"start":{"line":291,"column":18},"end":{"line":291,"column":19}},"loc":{"start":{"line":291,"column":51},"end":{"line":291,"column":70}},"line":291},"57":{"name":"(anonymous_57)","decl":{"start":{"line":293,"column":19},"end":{"line":293,"column":20}},"loc":{"start":{"line":293,"column":52},"end":{"line":293,"column":72}},"line":293}},"branchMap":{"0":{"loc":{"start":{"line":170,"column":4},"end":{"line":170,"column":79}},"type":"if","locations":[{"start":{"line":170,"column":4},"end":{"line":170,"column":79}},{"start":{},"end":{}}],"line":170},"1":{"loc":{"start":{"line":171,"column":4},"end":{"line":171,"column":54}},"type":"if","locations":[{"start":{"line":171,"column":4},"end":{"line":171,"column":54}},{"start":{},"end":{}}],"line":171}},"s":{"0":26,"1":2,"2":1,"3":2,"4":1,"5":1,"6":1,"7":2,"8":1,"9":1,"10":1,"11":1,"12":1,"13":1,"14":1,"15":1,"16":6,"17":1,"18":1,"19":1,"20":1,"21":1,"22":1,"23":1,"24":1,"25":1,"26":1,"27":1,"28":1,"29":1,"30":2,"31":1,"32":1,"33":1,"34":0,"35":19,"36":2,"37":1,"38":2,"39":1,"40":1,"41":1,"42":1,"43":1,"44":1,"45":1,"46":1,"47":1,"48":1,"49":1,"50":1,"51":1,"52":1,"53":1,"54":6,"55":1,"56":1,"57":1,"58":1,"59":1,"60":1,"61":1,"62":1,"63":0,"64":0,"65":1,"66":2,"67":26,"68":2,"69":19},"f":{"0":26,"1":2,"2":1,"3":2,"4":1,"5":1,"6":1,"7":2,"8":1,"9":1,"10":1,"11":1,"12":1,"13":1,"14":1,"15":6,"16":1,"17":1,"18":1,"19":1,"20":1,"21":1,"22":1,"23":1,"24":1,"25":1,"26":1,"27":2,"28":19,"29":2,"30":1,"31":2,"32":1,"33":1,"34":1,"35":1,"36":1,"37":1,"38":1,"39":1,"40":1,"41":1,"42":1,"43":1,"44":1,"45":1,"46":6,"47":1,"48":1,"49":1,"50":1,"51":1,"52":1,"53":0,"54":0,"55":1,"56":26,"57":19},"b":{"0":[1,1],"1":[1,0]},"_coverageSchema":"1a1c01bbd47fc00a2c39e90264f33305004495a9","hash":"c3b7cff62e2c693c5f98262155c8b4da64127f61"}
,"C:\\Users\\lee\\workspace\\lee-js-option\\src\\error.ts": {"path":"C:\\Users\\lee\\workspace\\lee-js-option\\src\\error.ts","statementMap":{"0":{"start":{"line":2,"column":2},"end":{"line":2,"column":48}},"1":{"start":{"line":2,"column":25},"end":{"line":2,"column":48}},"2":{"start":{"line":3,"column":2},"end":{"line":3,"column":23}},"3":{"start":{"line":7,"column":2},"end":{"line":7,"column":23}}},"fnMap":{"0":{"name":"UnwrapFailed","decl":{"start":{"line":1,"column":16},"end":{"line":1,"column":28}},"loc":{"start":{"line":1,"column":85},"end":{"line":4,"column":1}},"line":1},"1":{"name":"UnreachableCodeExecuted","decl":{"start":{"line":6,"column":16},"end":{"line":6,"column":39}},"loc":{"start":{"line":6,"column":82},"end":{"line":8,"column":1}},"line":6}},"branchMap":{"0":{"loc":{"start":{"line":1,"column":38},"end":{"line":1,"column":67}},"type":"default-arg","locations":[{"start":{"line":1,"column":52},"end":{"line":1,"column":67}}],"line":1},"1":{"loc":{"start":{"line":2,"column":2},"end":{"line":2,"column":48}},"type":"if","locations":[{"start":{"line":2,"column":2},"end":{"line":2,"column":48}},{"start":{},"end":{}}],"line":2},"2":{"loc":{"start":{"line":6,"column":40},"end":{"line":6,"column":73}},"type":"default-arg","locations":[{"start":{"line":6,"column":46},"end":{"line":6,"column":73}}],"line":6}},"s":{"0":6,"1":4,"2":6,"3":3},"f":{"0":6,"1":3},"b":{"0":[0],"1":[4,2],"2":[3]},"_coverageSchema":"1a1c01bbd47fc00a2c39e90264f33305004495a9","hash":"5fcd93fa38db7465b29e79677b68361b9207f9c8"}
}
