TN:
SF:src\Option.ts
FN:59,(anonymous_0)
FN:63,(anonymous_1)
FN:67,(anonymous_2)
FN:71,(anonymous_3)
FN:75,(anonymous_4)
FN:79,(anonymous_5)
FN:83,(anonymous_6)
FN:87,(anonymous_7)
FN:92,(anonymous_8)
FN:97,(anonymous_9)
FN:101,(anonymous_10)
FN:105,(anonymous_11)
FN:109,(anonymous_12)
FN:113,(anonymous_13)
FN:117,(anonymous_14)
FN:121,(anonymous_15)
FN:125,(anonymous_16)
FN:132,(anonymous_17)
FN:136,(anonymous_18)
FN:140,(anonymous_19)
FN:144,(anonymous_20)
FN:148,(anonymous_21)
FN:152,(anonymous_22)
FN:156,(anonymous_23)
FN:160,(anonymous_24)
FN:164,(anonymous_25)
FN:173,(anonymous_26)
FN:177,(anonymous_27)
FN:181,(anonymous_28)
FN:185,(anonymous_29)
FN:189,(anonymous_30)
FN:193,(anonymous_31)
FN:197,(anonymous_32)
FN:202,(anonymous_33)
FN:206,(anonymous_34)
FN:210,(anonymous_35)
FN:214,(anonymous_36)
FN:218,(anonymous_37)
FN:222,(anonymous_38)
FN:226,(anonymous_39)
FN:230,(anonymous_40)
FN:234,(anonymous_41)
FN:238,(anonymous_42)
FN:242,(anonymous_43)
FN:246,(anonymous_44)
FN:250,(anonymous_45)
FN:254,(anonymous_46)
FN:258,(anonymous_47)
FN:262,(anonymous_48)
FN:266,(anonymous_49)
FN:270,(anonymous_50)
FN:275,(anonymous_51)
FNF:52
FNH:48
FNDA:31,(anonymous_0)
FNDA:22,(anonymous_1)
FNDA:3,(anonymous_2)
FNDA:1,(anonymous_3)
FNDA:10,(anonymous_4)
FNDA:1,(anonymous_5)
FNDA:1,(anonymous_6)
FNDA:7,(anonymous_7)
FNDA:1,(anonymous_8)
FNDA:1,(anonymous_9)
FNDA:1,(anonymous_10)
FNDA:1,(anonymous_11)
FNDA:1,(anonymous_12)
FNDA:1,(anonymous_13)
FNDA:2,(anonymous_14)
FNDA:2,(anonymous_15)
FNDA:2,(anonymous_16)
FNDA:2,(anonymous_17)
FNDA:2,(anonymous_18)
FNDA:2,(anonymous_19)
FNDA:1,(anonymous_20)
FNDA:1,(anonymous_21)
FNDA:1,(anonymous_22)
FNDA:0,(anonymous_23)
FNDA:0,(anonymous_24)
FNDA:2,(anonymous_25)
FNDA:16,(anonymous_26)
FNDA:5,(anonymous_27)
FNDA:1,(anonymous_28)
FNDA:1,(anonymous_29)
FNDA:1,(anonymous_30)
FNDA:1,(anonymous_31)
FNDA:1,(anonymous_32)
FNDA:1,(anonymous_33)
FNDA:1,(anonymous_34)
FNDA:1,(anonymous_35)
FNDA:1,(anonymous_36)
FNDA:1,(anonymous_37)
FNDA:1,(anonymous_38)
FNDA:2,(anonymous_39)
FNDA:2,(anonymous_40)
FNDA:1,(anonymous_41)
FNDA:2,(anonymous_42)
FNDA:2,(anonymous_43)
FNDA:2,(anonymous_44)
FNDA:1,(anonymous_45)
FNDA:1,(anonymous_46)
FNDA:1,(anonymous_47)
FNDA:0,(anonymous_48)
FNDA:0,(anonymous_49)
FNDA:1,(anonymous_50)
FNDA:31,(anonymous_51)
DA:60,31
DA:64,22
DA:68,3
DA:72,1
DA:76,10
DA:80,1
DA:84,1
DA:88,7
DA:89,7
DA:93,1
DA:94,1
DA:98,1
DA:102,1
DA:106,1
DA:110,1
DA:114,1
DA:118,2
DA:122,2
DA:126,2
DA:127,1
DA:129,1
DA:133,2
DA:137,2
DA:141,2
DA:145,1
DA:149,1
DA:153,1
DA:157,0
DA:161,0
DA:165,2
DA:166,1
DA:168,0
DA:174,16
DA:178,5
DA:182,1
DA:186,1
DA:190,1
DA:194,1
DA:198,1
DA:199,1
DA:203,1
DA:207,1
DA:211,1
DA:215,1
DA:219,1
DA:223,1
DA:227,2
DA:231,2
DA:235,1
DA:239,2
DA:243,2
DA:247,2
DA:251,1
DA:255,1
DA:259,1
DA:263,0
DA:267,0
DA:271,1
DA:275,31
DA:277,2
LF:60
LH:55
BRDA:126,0,0,1
BRDA:126,0,1,1
BRDA:141,1,0,1
BRDA:141,1,1,1
BRDA:157,2,0,0
BRDA:157,2,1,0
BRDA:161,3,0,0
BRDA:161,3,1,0
BRDA:165,4,0,1
BRDA:165,4,1,1
BRDA:166,5,0,1
BRDA:166,5,1,0
BRDA:247,6,0,1
BRDA:247,6,1,1
BRF:14
BRH:9
end_of_record
TN:
SF:src\Result.ts
FN:61,(anonymous_0)
FN:65,(anonymous_1)
FN:69,(anonymous_2)
FN:73,(anonymous_3)
FN:77,(anonymous_4)
FN:81,(anonymous_5)
FN:85,(anonymous_6)
FN:89,(anonymous_7)
FN:93,(anonymous_8)
FN:97,(anonymous_9)
FN:101,(anonymous_10)
FN:105,(anonymous_11)
FN:110,(anonymous_12)
FN:114,(anonymous_13)
FN:118,(anonymous_14)
FN:122,(anonymous_15)
FN:126,(anonymous_16)
FN:130,(anonymous_17)
FN:134,(anonymous_18)
FN:138,(anonymous_19)
FN:143,(anonymous_20)
FN:148,(anonymous_21)
FN:152,(anonymous_22)
FN:156,(anonymous_23)
FN:161,(anonymous_24)
FN:165,(anonymous_25)
FN:166,(anonymous_26)
FN:169,(anonymous_27)
FN:179,(anonymous_28)
FN:183,(anonymous_29)
FN:187,(anonymous_30)
FN:191,(anonymous_31)
FN:195,(anonymous_32)
FN:199,(anonymous_33)
FN:203,(anonymous_34)
FN:207,(anonymous_35)
FN:211,(anonymous_36)
FN:215,(anonymous_37)
FN:219,(anonymous_38)
FN:223,(anonymous_39)
FN:227,(anonymous_40)
FN:232,(anonymous_41)
FN:236,(anonymous_42)
FN:240,(anonymous_43)
FN:244,(anonymous_44)
FN:248,(anonymous_45)
FN:252,(anonymous_46)
FN:256,(anonymous_47)
FN:261,(anonymous_48)
FN:266,(anonymous_49)
FN:270,(anonymous_50)
FN:274,(anonymous_51)
FN:278,(anonymous_52)
FN:282,(anonymous_53)
FN:283,(anonymous_54)
FN:286,(anonymous_55)
FN:291,(anonymous_56)
FN:293,(anonymous_57)
FNF:58
FNH:56
FNDA:26,(anonymous_0)
FNDA:2,(anonymous_1)
FNDA:1,(anonymous_2)
FNDA:2,(anonymous_3)
FNDA:1,(anonymous_4)
FNDA:1,(anonymous_5)
FNDA:1,(anonymous_6)
FNDA:2,(anonymous_7)
FNDA:1,(anonymous_8)
FNDA:1,(anonymous_9)
FNDA:1,(anonymous_10)
FNDA:1,(anonymous_11)
FNDA:1,(anonymous_12)
FNDA:1,(anonymous_13)
FNDA:1,(anonymous_14)
FNDA:6,(anonymous_15)
FNDA:1,(anonymous_16)
FNDA:1,(anonymous_17)
FNDA:1,(anonymous_18)
FNDA:1,(anonymous_19)
FNDA:1,(anonymous_20)
FNDA:1,(anonymous_21)
FNDA:1,(anonymous_22)
FNDA:1,(anonymous_23)
FNDA:1,(anonymous_24)
FNDA:1,(anonymous_25)
FNDA:1,(anonymous_26)
FNDA:2,(anonymous_27)
FNDA:19,(anonymous_28)
FNDA:2,(anonymous_29)
FNDA:1,(anonymous_30)
FNDA:2,(anonymous_31)
FNDA:1,(anonymous_32)
FNDA:1,(anonymous_33)
FNDA:1,(anonymous_34)
FNDA:1,(anonymous_35)
FNDA:1,(anonymous_36)
FNDA:1,(anonymous_37)
FNDA:1,(anonymous_38)
FNDA:1,(anonymous_39)
FNDA:1,(anonymous_40)
FNDA:1,(anonymous_41)
FNDA:1,(anonymous_42)
FNDA:1,(anonymous_43)
FNDA:1,(anonymous_44)
FNDA:1,(anonymous_45)
FNDA:6,(anonymous_46)
FNDA:1,(anonymous_47)
FNDA:1,(anonymous_48)
FNDA:1,(anonymous_49)
FNDA:1,(anonymous_50)
FNDA:1,(anonymous_51)
FNDA:1,(anonymous_52)
FNDA:0,(anonymous_53)
FNDA:0,(anonymous_54)
FNDA:1,(anonymous_55)
FNDA:26,(anonymous_56)
FNDA:19,(anonymous_57)
DA:62,26
DA:66,2
DA:70,1
DA:74,2
DA:78,1
DA:82,1
DA:86,1
DA:90,2
DA:94,1
DA:98,1
DA:102,1
DA:106,1
DA:107,1
DA:111,1
DA:115,1
DA:119,1
DA:123,6
DA:127,1
DA:131,1
DA:135,1
DA:139,1
DA:140,1
DA:144,1
DA:145,1
DA:149,1
DA:153,1
DA:158,1
DA:162,1
DA:166,1
DA:170,2
DA:171,1
DA:172,0
DA:180,19
DA:184,2
DA:188,1
DA:192,2
DA:196,1
DA:200,1
DA:204,1
DA:208,1
DA:212,1
DA:216,1
DA:220,1
DA:224,1
DA:228,1
DA:229,1
DA:233,1
DA:237,1
DA:241,1
DA:245,1
DA:249,1
DA:253,6
DA:257,1
DA:258,1
DA:262,1
DA:263,1
DA:267,1
DA:271,1
DA:275,1
DA:279,1
DA:283,0
DA:287,1
DA:291,26
DA:293,19
LF:64
LH:62
BRDA:170,0,0,1
BRDA:170,0,1,1
BRDA:171,1,0,1
BRDA:171,1,1,0
BRF:4
BRH:3
end_of_record
TN:
SF:src\error.ts
FN:1,UnwrapFailed
FN:6,UnreachableCodeExecuted
FNF:2
FNH:2
FNDA:6,UnwrapFailed
FNDA:3,UnreachableCodeExecuted
DA:2,6
DA:3,6
DA:7,3
LF:3
LH:3
BRDA:1,0,0,0
BRDA:2,1,0,4
BRDA:2,1,1,2
BRDA:6,2,0,3
BRF:4
BRH:3
end_of_record
